11:48:58,663 INFO  ThreadExample:16 - Thread example started working...
11:48:58,664 INFO  RunnableExample:16 - Runnable example started working...
11:48:58,682 INFO  RunnableExample:18 - Thread-1 = 1
11:48:58,682 INFO  RunnableExample:18 - Thread-1 = 2
11:48:58,682 INFO  RunnableExample:18 - Thread-1 = 3
11:48:58,682 INFO  RunnableExample:18 - Thread-1 = 4
11:48:58,684 INFO  RunnableExample:18 - Thread-1 = 5
11:48:58,684 INFO  RunnableExample:18 - Thread-1 = 6
11:48:58,686 INFO  RunnableExample:18 - Thread-1 = 7
11:48:58,687 INFO  RunnableExample:18 - Thread-1 = 8
11:48:58,687 INFO  RunnableExample:18 - Thread-1 = 9
11:48:58,687 INFO  RunnableExample:18 - Thread-1 = 10
11:48:58,687 INFO  RunnableExample:18 - Thread-1 = 11
11:48:58,688 INFO  RunnableExample:18 - Thread-1 = 12
11:48:58,688 INFO  RunnableExample:18 - Thread-1 = 13
11:48:58,689 INFO  RunnableExample:18 - Thread-1 = 14
11:48:58,690 INFO  RunnableExample:18 - Thread-1 = 15
11:48:58,691 INFO  RunnableExample:18 - Thread-1 = 16
11:48:58,691 INFO  RunnableExample:18 - Thread-1 = 17
11:48:58,691 INFO  RunnableExample:18 - Thread-1 = 18
11:48:58,689 INFO  ThreadExample:18 - Thread-0 = 0
11:48:58,692 INFO  ThreadExample:18 - Thread-0 = 20
11:48:58,692 INFO  ThreadExample:18 - Thread-0 = 21
11:48:58,692 INFO  ThreadExample:18 - Thread-0 = 22
11:48:58,693 INFO  ThreadExample:18 - Thread-0 = 23
11:48:58,693 INFO  ThreadExample:18 - Thread-0 = 24
11:48:58,693 INFO  ThreadExample:18 - Thread-0 = 25
11:48:58,694 INFO  ThreadExample:18 - Thread-0 = 26
11:48:58,694 INFO  ThreadExample:18 - Thread-0 = 27
11:48:58,694 INFO  ThreadExample:18 - Thread-0 = 28
11:48:58,692 INFO  RunnableExample:18 - Thread-1 = 19
11:48:58,694 INFO  ThreadExample:18 - Thread-0 = 29
11:48:58,695 INFO  ThreadExample:18 - Thread-0 = 31
11:48:58,695 INFO  ThreadExample:18 - Thread-0 = 32
11:48:58,695 INFO  ThreadExample:18 - Thread-0 = 33
11:48:58,695 INFO  ThreadExample:18 - Thread-0 = 34
11:48:58,695 INFO  ThreadExample:18 - Thread-0 = 35
11:48:58,695 INFO  ThreadExample:18 - Thread-0 = 36
11:48:58,695 INFO  ThreadExample:18 - Thread-0 = 37
11:48:58,696 INFO  ThreadExample:18 - Thread-0 = 38
11:48:58,696 INFO  ThreadExample:18 - Thread-0 = 39
11:48:58,696 INFO  ThreadExample:18 - Thread-0 = 40
11:48:58,696 INFO  ThreadExample:18 - Thread-0 = 41
11:48:58,696 INFO  ThreadExample:18 - Thread-0 = 42
11:48:58,696 INFO  ThreadExample:18 - Thread-0 = 43
11:48:58,695 INFO  RunnableExample:18 - Thread-1 = 30
11:48:58,697 INFO  RunnableExample:18 - Thread-1 = 45
11:48:58,697 INFO  RunnableExample:18 - Thread-1 = 46
11:48:58,697 INFO  RunnableExample:18 - Thread-1 = 47
11:48:58,697 INFO  RunnableExample:18 - Thread-1 = 48
11:48:58,697 INFO  RunnableExample:18 - Thread-1 = 49
11:48:58,697 INFO  ThreadExample:18 - Thread-0 = 44
11:48:58,697 INFO  RunnableExample:18 - Thread-1 = 50
11:48:58,697 INFO  RunnableExample:18 - Thread-1 = 52
11:48:58,697 INFO  RunnableExample:18 - Thread-1 = 53
11:48:58,698 INFO  RunnableExample:18 - Thread-1 = 54
11:48:58,698 INFO  RunnableExample:18 - Thread-1 = 55
11:48:58,698 INFO  RunnableExample:18 - Thread-1 = 56
11:48:58,698 INFO  RunnableExample:18 - Thread-1 = 57
11:48:58,698 INFO  RunnableExample:18 - Thread-1 = 58
11:48:58,698 INFO  RunnableExample:18 - Thread-1 = 59
11:48:58,698 INFO  RunnableExample:18 - Thread-1 = 60
11:48:58,699 INFO  RunnableExample:18 - Thread-1 = 61
11:48:58,699 INFO  RunnableExample:18 - Thread-1 = 62
11:48:58,699 INFO  RunnableExample:18 - Thread-1 = 63
11:48:58,699 INFO  RunnableExample:18 - Thread-1 = 64
11:48:58,699 INFO  RunnableExample:18 - Thread-1 = 65
11:48:58,699 INFO  RunnableExample:18 - Thread-1 = 66
11:48:58,699 INFO  RunnableExample:18 - Thread-1 = 67
11:48:58,699 INFO  RunnableExample:18 - Thread-1 = 68
11:48:58,700 INFO  RunnableExample:18 - Thread-1 = 69
11:48:58,700 INFO  RunnableExample:18 - Thread-1 = 70
11:48:58,700 INFO  RunnableExample:18 - Thread-1 = 71
11:48:58,700 INFO  RunnableExample:18 - Thread-1 = 72
11:48:58,700 INFO  RunnableExample:18 - Thread-1 = 73
11:48:58,700 INFO  RunnableExample:18 - Thread-1 = 74
11:48:58,700 INFO  RunnableExample:18 - Thread-1 = 75
11:48:58,700 INFO  RunnableExample:18 - Thread-1 = 76
11:48:58,700 INFO  RunnableExample:18 - Thread-1 = 77
11:48:58,701 INFO  RunnableExample:18 - Thread-1 = 78
11:48:58,701 INFO  RunnableExample:18 - Thread-1 = 79
11:48:58,701 INFO  RunnableExample:18 - Thread-1 = 80
11:48:58,701 INFO  RunnableExample:18 - Thread-1 = 81
11:48:58,697 INFO  ThreadExample:18 - Thread-0 = 51
11:48:58,701 INFO  ThreadExample:18 - Thread-0 = 83
11:48:58,701 INFO  ThreadExample:18 - Thread-0 = 84
11:48:58,701 INFO  ThreadExample:18 - Thread-0 = 85
11:48:58,701 INFO  ThreadExample:18 - Thread-0 = 86
11:48:58,701 INFO  ThreadExample:18 - Thread-0 = 87
11:48:58,701 INFO  ThreadExample:18 - Thread-0 = 88
11:48:58,701 INFO  ThreadExample:18 - Thread-0 = 89
11:48:58,701 INFO  ThreadExample:18 - Thread-0 = 90
11:48:58,702 INFO  ThreadExample:18 - Thread-0 = 91
11:48:58,702 INFO  ThreadExample:18 - Thread-0 = 92
11:48:58,701 INFO  RunnableExample:18 - Thread-1 = 82
11:48:58,702 INFO  RunnableExample:18 - Thread-1 = 94
11:48:58,702 INFO  RunnableExample:18 - Thread-1 = 95
11:48:58,702 INFO  RunnableExample:18 - Thread-1 = 96
11:48:58,702 INFO  RunnableExample:18 - Thread-1 = 97
11:48:58,703 INFO  RunnableExample:18 - Thread-1 = 98
11:48:58,703 INFO  RunnableExample:18 - Thread-1 = 99
11:48:58,703 INFO  RunnableExample:20 - Runnable example finished working...
11:48:58,702 INFO  ThreadExample:18 - Thread-0 = 93
11:48:58,704 INFO  ThreadExample:20 - Thread example finished working...
11:50:21,783 INFO  ThreadExample:16 - Thread example started working...
11:50:21,784 INFO  RunnableExample:16 - Runnable example started working...
11:50:21,793 INFO  RunnableExample:18 - Thread-1 = 1
11:50:21,793 INFO  RunnableExample:18 - Thread-1 = 2
11:50:21,793 INFO  RunnableExample:18 - Thread-1 = 3
11:50:21,793 INFO  RunnableExample:18 - Thread-1 = 4
11:50:21,795 INFO  RunnableExample:18 - Thread-1 = 5
11:50:21,795 INFO  RunnableExample:18 - Thread-1 = 6
11:50:21,795 INFO  RunnableExample:18 - Thread-1 = 7
11:50:21,795 INFO  RunnableExample:18 - Thread-1 = 8
11:50:21,795 INFO  RunnableExample:18 - Thread-1 = 9
11:50:21,795 INFO  RunnableExample:18 - Thread-1 = 10
11:50:21,795 INFO  RunnableExample:18 - Thread-1 = 11
11:50:21,793 INFO  ThreadExample:18 - Thread-0 = 0
11:50:21,795 INFO  RunnableExample:18 - Thread-1 = 12
11:50:21,795 INFO  RunnableExample:18 - Thread-1 = 14
11:50:21,797 INFO  RunnableExample:18 - Thread-1 = 15
11:50:21,797 INFO  RunnableExample:18 - Thread-1 = 16
11:50:21,797 INFO  RunnableExample:18 - Thread-1 = 17
11:50:21,797 INFO  RunnableExample:18 - Thread-1 = 18
11:50:21,797 INFO  RunnableExample:18 - Thread-1 = 19
11:50:21,797 INFO  RunnableExample:18 - Thread-1 = 20
11:50:21,797 INFO  RunnableExample:18 - Thread-1 = 21
11:50:21,798 INFO  RunnableExample:18 - Thread-1 = 22
11:50:21,798 INFO  RunnableExample:18 - Thread-1 = 23
11:50:21,798 INFO  RunnableExample:18 - Thread-1 = 24
11:50:21,798 INFO  RunnableExample:18 - Thread-1 = 25
11:50:21,798 INFO  RunnableExample:18 - Thread-1 = 26
11:50:21,798 INFO  RunnableExample:18 - Thread-1 = 27
11:50:21,798 INFO  RunnableExample:18 - Thread-1 = 28
11:50:21,798 INFO  RunnableExample:18 - Thread-1 = 29
11:50:21,798 INFO  RunnableExample:18 - Thread-1 = 30
11:50:21,798 INFO  RunnableExample:18 - Thread-1 = 31
11:50:21,798 INFO  RunnableExample:18 - Thread-1 = 32
11:50:21,798 INFO  RunnableExample:18 - Thread-1 = 33
11:50:21,798 INFO  RunnableExample:18 - Thread-1 = 34
11:50:21,799 INFO  RunnableExample:18 - Thread-1 = 35
11:50:21,799 INFO  RunnableExample:18 - Thread-1 = 36
11:50:21,799 INFO  RunnableExample:18 - Thread-1 = 37
11:50:21,799 INFO  RunnableExample:18 - Thread-1 = 38
11:50:21,799 INFO  RunnableExample:18 - Thread-1 = 39
11:50:21,799 INFO  RunnableExample:18 - Thread-1 = 40
11:50:21,799 INFO  RunnableExample:18 - Thread-1 = 41
11:50:21,799 INFO  RunnableExample:18 - Thread-1 = 42
11:50:21,799 INFO  RunnableExample:18 - Thread-1 = 43
11:50:21,799 INFO  RunnableExample:18 - Thread-1 = 44
11:50:21,799 INFO  RunnableExample:18 - Thread-1 = 45
11:50:21,799 INFO  RunnableExample:18 - Thread-1 = 46
11:50:21,800 INFO  RunnableExample:18 - Thread-1 = 47
11:50:21,795 INFO  ThreadExample:18 - Thread-0 = 13
11:50:21,800 INFO  ThreadExample:18 - Thread-0 = 49
11:50:21,800 INFO  RunnableExample:18 - Thread-1 = 48
11:50:21,800 INFO  RunnableExample:18 - Thread-1 = 51
11:50:21,800 INFO  RunnableExample:18 - Thread-1 = 52
11:50:21,800 INFO  RunnableExample:18 - Thread-1 = 53
11:50:21,800 INFO  RunnableExample:18 - Thread-1 = 54
11:50:21,801 INFO  RunnableExample:18 - Thread-1 = 55
11:50:21,801 INFO  RunnableExample:18 - Thread-1 = 56
11:50:21,801 INFO  RunnableExample:18 - Thread-1 = 57
11:50:21,801 INFO  RunnableExample:18 - Thread-1 = 58
11:50:21,801 INFO  RunnableExample:18 - Thread-1 = 59
11:50:21,801 INFO  RunnableExample:18 - Thread-1 = 60
11:50:21,801 INFO  RunnableExample:18 - Thread-1 = 61
11:50:21,802 INFO  RunnableExample:18 - Thread-1 = 62
11:50:21,802 INFO  RunnableExample:18 - Thread-1 = 63
11:50:21,802 INFO  RunnableExample:18 - Thread-1 = 64
11:50:21,802 INFO  RunnableExample:18 - Thread-1 = 65
11:50:21,802 INFO  RunnableExample:18 - Thread-1 = 66
11:50:21,802 INFO  RunnableExample:18 - Thread-1 = 67
11:50:21,802 INFO  RunnableExample:18 - Thread-1 = 68
11:50:21,802 INFO  RunnableExample:18 - Thread-1 = 69
11:50:21,800 INFO  ThreadExample:18 - Thread-0 = 50
11:50:21,802 INFO  ThreadExample:18 - Thread-0 = 71
11:50:21,802 INFO  RunnableExample:18 - Thread-1 = 70
11:50:21,802 INFO  ThreadExample:18 - Thread-0 = 72
11:50:21,803 INFO  ThreadExample:18 - Thread-0 = 74
11:50:21,803 INFO  ThreadExample:18 - Thread-0 = 75
11:50:21,803 INFO  ThreadExample:18 - Thread-0 = 76
11:50:21,802 INFO  RunnableExample:18 - Thread-1 = 73
11:50:21,803 INFO  RunnableExample:18 - Thread-1 = 78
11:50:21,803 INFO  ThreadExample:18 - Thread-0 = 77
11:50:21,803 INFO  ThreadExample:18 - Thread-0 = 80
11:50:21,803 INFO  RunnableExample:18 - Thread-1 = 79
11:50:21,803 INFO  RunnableExample:18 - Thread-1 = 82
11:50:21,803 INFO  ThreadExample:18 - Thread-0 = 81
11:50:21,803 INFO  ThreadExample:18 - Thread-0 = 84
11:50:21,803 INFO  RunnableExample:18 - Thread-1 = 83
11:50:21,803 INFO  RunnableExample:18 - Thread-1 = 86
11:50:21,803 INFO  ThreadExample:18 - Thread-0 = 85
11:50:21,803 INFO  ThreadExample:18 - Thread-0 = 88
11:50:21,803 INFO  RunnableExample:18 - Thread-1 = 87
11:50:21,804 INFO  ThreadExample:18 - Thread-0 = 89
11:50:21,804 INFO  RunnableExample:18 - Thread-1 = 90
11:50:21,804 INFO  ThreadExample:18 - Thread-0 = 91
11:50:21,804 INFO  RunnableExample:18 - Thread-1 = 92
11:50:21,804 INFO  ThreadExample:18 - Thread-0 = 93
11:50:21,804 INFO  RunnableExample:18 - Thread-1 = 94
11:50:21,804 INFO  ThreadExample:18 - Thread-0 = 95
11:50:21,804 INFO  ThreadExample:18 - Thread-0 = 97
11:50:21,804 INFO  ThreadExample:18 - Thread-0 = 98
11:50:21,804 INFO  RunnableExample:18 - Thread-1 = 96
11:50:21,804 INFO  RunnableExample:20 - Runnable example finished working...
11:50:21,804 INFO  ThreadExample:18 - Thread-0 = 99
11:50:21,805 INFO  ThreadExample:20 - Thread example finished working...
11:54:45,639 INFO  ThreadExample:16 - Thread example started working...
11:54:45,639 INFO  RunnableExample:16 - Runnable example started working...
11:54:45,648 INFO  RunnableExample:18 - Thread-1 = 1
11:54:45,649 INFO  RunnableExample:18 - Thread-1 = 2
11:54:45,649 INFO  RunnableExample:18 - Thread-1 = 3
11:54:45,649 INFO  RunnableExample:18 - Thread-1 = 4
11:54:45,649 INFO  ThreadExample:18 - Thread-0 = 0
11:54:45,650 INFO  RunnableExample:18 - Thread-1 = 5
11:54:45,650 INFO  ThreadExample:18 - Thread-0 = 6
11:54:45,650 INFO  ThreadExample:18 - Thread-0 = 8
11:54:45,650 INFO  RunnableExample:18 - Thread-1 = 7
11:54:45,651 INFO  ThreadExample:18 - Thread-0 = 9
11:54:45,651 INFO  RunnableExample:18 - Thread-1 = 10
11:54:45,651 INFO  ThreadExample:18 - Thread-0 = 11
11:54:45,651 INFO  RunnableExample:18 - Thread-1 = 12
11:54:45,651 INFO  ThreadExample:18 - Thread-0 = 13
11:54:45,652 INFO  ThreadExample:18 - Thread-0 = 15
11:54:45,651 INFO  RunnableExample:18 - Thread-1 = 14
11:54:45,652 INFO  RunnableExample:18 - Thread-1 = 17
11:54:45,652 INFO  ThreadExample:18 - Thread-0 = 16
11:54:45,653 INFO  RunnableExample:18 - Thread-1 = 18
11:54:45,653 INFO  RunnableExample:18 - Thread-1 = 20
11:54:45,653 INFO  ThreadExample:18 - Thread-0 = 19
11:54:45,653 INFO  RunnableExample:18 - Thread-1 = 21
11:54:45,653 INFO  RunnableExample:18 - Thread-1 = 23
11:54:45,653 INFO  ThreadExample:18 - Thread-0 = 22
11:54:45,653 INFO  RunnableExample:18 - Thread-1 = 24
11:54:45,653 INFO  ThreadExample:18 - Thread-0 = 25
11:54:45,653 INFO  RunnableExample:18 - Thread-1 = 26
11:54:45,653 INFO  ThreadExample:18 - Thread-0 = 27
11:54:45,653 INFO  RunnableExample:18 - Thread-1 = 28
11:54:45,653 INFO  ThreadExample:18 - Thread-0 = 29
11:54:45,654 INFO  RunnableExample:18 - Thread-1 = 30
11:54:45,654 INFO  RunnableExample:18 - Thread-1 = 32
11:54:45,654 INFO  RunnableExample:18 - Thread-1 = 33
11:54:45,654 INFO  RunnableExample:18 - Thread-1 = 34
11:54:45,654 INFO  RunnableExample:18 - Thread-1 = 35
11:54:45,654 INFO  RunnableExample:18 - Thread-1 = 36
11:54:45,654 INFO  RunnableExample:18 - Thread-1 = 37
11:54:45,654 INFO  ThreadExample:18 - Thread-0 = 31
11:54:45,654 INFO  ThreadExample:18 - Thread-0 = 39
11:54:45,654 INFO  RunnableExample:18 - Thread-1 = 38
11:54:45,655 INFO  RunnableExample:18 - Thread-1 = 41
11:54:45,654 INFO  ThreadExample:18 - Thread-0 = 40
11:54:45,655 INFO  RunnableExample:18 - Thread-1 = 42
11:54:45,655 INFO  ThreadExample:18 - Thread-0 = 43
11:54:45,655 INFO  RunnableExample:18 - Thread-1 = 44
11:54:45,655 INFO  ThreadExample:18 - Thread-0 = 45
11:54:45,655 INFO  RunnableExample:18 - Thread-1 = 46
11:54:45,655 INFO  ThreadExample:18 - Thread-0 = 47
11:54:45,655 INFO  ThreadExample:18 - Thread-0 = 49
11:54:45,655 INFO  RunnableExample:18 - Thread-1 = 48
11:54:45,655 INFO  RunnableExample:18 - Thread-1 = 51
11:54:45,655 INFO  ThreadExample:18 - Thread-0 = 50
11:54:45,656 INFO  ThreadExample:18 - Thread-0 = 53
11:54:45,656 INFO  ThreadExample:18 - Thread-0 = 54
11:54:45,656 INFO  ThreadExample:18 - Thread-0 = 55
11:54:45,656 INFO  ThreadExample:18 - Thread-0 = 56
11:54:45,656 INFO  ThreadExample:18 - Thread-0 = 57
11:54:45,656 INFO  ThreadExample:18 - Thread-0 = 58
11:54:45,656 INFO  ThreadExample:18 - Thread-0 = 59
11:54:45,656 INFO  ThreadExample:18 - Thread-0 = 60
11:54:45,656 INFO  ThreadExample:18 - Thread-0 = 61
11:54:45,656 INFO  ThreadExample:18 - Thread-0 = 62
11:54:45,657 INFO  ThreadExample:18 - Thread-0 = 63
11:54:45,657 INFO  ThreadExample:18 - Thread-0 = 64
11:54:45,657 INFO  ThreadExample:18 - Thread-0 = 65
11:54:45,657 INFO  ThreadExample:18 - Thread-0 = 66
11:54:45,657 INFO  ThreadExample:18 - Thread-0 = 67
11:54:45,657 INFO  ThreadExample:18 - Thread-0 = 68
11:54:45,657 INFO  ThreadExample:18 - Thread-0 = 69
11:54:45,657 INFO  ThreadExample:18 - Thread-0 = 70
11:54:45,657 INFO  ThreadExample:18 - Thread-0 = 71
11:54:45,657 INFO  ThreadExample:18 - Thread-0 = 72
11:54:45,657 INFO  ThreadExample:18 - Thread-0 = 73
11:54:45,658 INFO  ThreadExample:18 - Thread-0 = 74
11:54:45,658 INFO  ThreadExample:18 - Thread-0 = 75
11:54:45,658 INFO  ThreadExample:18 - Thread-0 = 76
11:54:45,658 INFO  ThreadExample:18 - Thread-0 = 77
11:54:45,658 INFO  ThreadExample:18 - Thread-0 = 78
11:54:45,658 INFO  ThreadExample:18 - Thread-0 = 79
11:54:45,658 INFO  ThreadExample:18 - Thread-0 = 80
11:54:45,658 INFO  ThreadExample:18 - Thread-0 = 81
11:54:45,658 INFO  ThreadExample:18 - Thread-0 = 82
11:54:45,658 INFO  ThreadExample:18 - Thread-0 = 83
11:54:45,658 INFO  ThreadExample:18 - Thread-0 = 84
11:54:45,658 INFO  ThreadExample:18 - Thread-0 = 85
11:54:45,658 INFO  ThreadExample:18 - Thread-0 = 86
11:54:45,658 INFO  ThreadExample:18 - Thread-0 = 87
11:54:45,658 INFO  ThreadExample:18 - Thread-0 = 88
11:54:45,658 INFO  ThreadExample:18 - Thread-0 = 89
11:54:45,659 INFO  ThreadExample:18 - Thread-0 = 90
11:54:45,659 INFO  ThreadExample:18 - Thread-0 = 91
11:54:45,659 INFO  ThreadExample:18 - Thread-0 = 92
11:54:45,659 INFO  ThreadExample:18 - Thread-0 = 93
11:54:45,659 INFO  ThreadExample:18 - Thread-0 = 94
11:54:45,659 INFO  ThreadExample:18 - Thread-0 = 95
11:54:45,659 INFO  ThreadExample:18 - Thread-0 = 96
11:54:45,659 INFO  ThreadExample:18 - Thread-0 = 97
11:54:45,659 INFO  ThreadExample:18 - Thread-0 = 98
11:54:45,659 INFO  ThreadExample:18 - Thread-0 = 99
11:54:45,659 INFO  ThreadExample:20 - Thread example finished working...
11:54:45,655 INFO  RunnableExample:18 - Thread-1 = 52
11:54:45,660 INFO  RunnableExample:20 - Runnable example finished working...
15:34:30,675 INFO  ThreadExample:16 - Thread example started working...
15:34:30,676 INFO  RunnableExample:16 - Runnable example started working...
15:34:30,684 INFO  RunnableExample:18 - Thread-1 = 1
15:34:30,684 INFO  ThreadExample:18 - Thread-0 = 0
15:34:30,684 INFO  RunnableExample:18 - Thread-1 = 2
15:34:30,684 INFO  ThreadExample:18 - Thread-0 = 3
15:34:30,684 INFO  RunnableExample:18 - Thread-1 = 4
15:34:30,684 INFO  ThreadExample:18 - Thread-0 = 5
15:34:30,686 INFO  RunnableExample:18 - Thread-1 = 6
15:34:30,686 INFO  ThreadExample:18 - Thread-0 = 7
15:34:30,686 INFO  RunnableExample:18 - Thread-1 = 8
15:34:30,686 INFO  ThreadExample:18 - Thread-0 = 9
15:34:30,686 INFO  RunnableExample:18 - Thread-1 = 10
15:34:30,686 INFO  ThreadExample:18 - Thread-0 = 11
15:34:30,686 INFO  RunnableExample:18 - Thread-1 = 12
15:34:30,686 INFO  ThreadExample:18 - Thread-0 = 13
15:34:30,686 INFO  RunnableExample:18 - Thread-1 = 14
15:34:30,687 INFO  ThreadExample:18 - Thread-0 = 15
15:34:30,687 INFO  ThreadExample:18 - Thread-0 = 17
15:34:30,687 INFO  RunnableExample:18 - Thread-1 = 16
15:34:30,687 INFO  ThreadExample:18 - Thread-0 = 18
15:34:30,688 INFO  ThreadExample:18 - Thread-0 = 20
15:34:30,688 INFO  RunnableExample:18 - Thread-1 = 19
15:34:30,688 INFO  ThreadExample:18 - Thread-0 = 21
15:34:30,688 INFO  RunnableExample:18 - Thread-1 = 22
15:34:30,688 INFO  ThreadExample:18 - Thread-0 = 23
15:34:30,688 INFO  ThreadExample:18 - Thread-0 = 25
15:34:30,688 INFO  RunnableExample:18 - Thread-1 = 24
15:34:30,688 INFO  ThreadExample:18 - Thread-0 = 26
15:34:30,688 INFO  RunnableExample:18 - Thread-1 = 27
15:34:30,688 INFO  ThreadExample:18 - Thread-0 = 28
15:34:30,689 INFO  RunnableExample:18 - Thread-1 = 29
15:34:30,689 INFO  ThreadExample:18 - Thread-0 = 30
15:34:30,689 INFO  RunnableExample:18 - Thread-1 = 31
15:34:30,689 INFO  ThreadExample:18 - Thread-0 = 32
15:34:30,689 INFO  RunnableExample:18 - Thread-1 = 33
15:34:30,689 INFO  ThreadExample:18 - Thread-0 = 34
15:34:30,689 INFO  RunnableExample:18 - Thread-1 = 35
15:34:30,689 INFO  ThreadExample:18 - Thread-0 = 36
15:34:30,689 INFO  RunnableExample:18 - Thread-1 = 37
15:34:30,689 INFO  ThreadExample:18 - Thread-0 = 38
15:34:30,689 INFO  RunnableExample:18 - Thread-1 = 39
15:34:30,689 INFO  ThreadExample:18 - Thread-0 = 40
15:34:30,690 INFO  RunnableExample:18 - Thread-1 = 41
15:34:30,690 INFO  ThreadExample:18 - Thread-0 = 42
15:34:30,690 INFO  RunnableExample:18 - Thread-1 = 43
15:34:30,690 INFO  ThreadExample:18 - Thread-0 = 44
15:34:30,690 INFO  RunnableExample:18 - Thread-1 = 45
15:34:30,690 INFO  ThreadExample:18 - Thread-0 = 46
15:34:30,690 INFO  RunnableExample:18 - Thread-1 = 47
15:34:30,690 INFO  ThreadExample:18 - Thread-0 = 48
15:34:30,690 INFO  RunnableExample:18 - Thread-1 = 49
15:34:30,690 INFO  ThreadExample:18 - Thread-0 = 50
15:34:30,690 INFO  RunnableExample:18 - Thread-1 = 51
15:34:30,690 INFO  ThreadExample:18 - Thread-0 = 52
15:34:30,690 INFO  RunnableExample:18 - Thread-1 = 53
15:34:30,691 INFO  ThreadExample:18 - Thread-0 = 54
15:34:30,691 INFO  RunnableExample:18 - Thread-1 = 55
15:34:30,691 INFO  ThreadExample:18 - Thread-0 = 56
15:34:30,691 INFO  RunnableExample:18 - Thread-1 = 57
15:34:30,691 INFO  ThreadExample:18 - Thread-0 = 58
15:34:30,691 INFO  RunnableExample:18 - Thread-1 = 59
15:34:30,691 INFO  ThreadExample:18 - Thread-0 = 60
15:34:30,691 INFO  RunnableExample:18 - Thread-1 = 61
15:34:30,691 INFO  ThreadExample:18 - Thread-0 = 62
15:34:30,691 INFO  ThreadExample:18 - Thread-0 = 64
15:34:30,691 INFO  RunnableExample:18 - Thread-1 = 63
15:34:30,692 INFO  RunnableExample:18 - Thread-1 = 66
15:34:30,692 INFO  RunnableExample:18 - Thread-1 = 67
15:34:30,692 INFO  RunnableExample:18 - Thread-1 = 68
15:34:30,692 INFO  RunnableExample:18 - Thread-1 = 69
15:34:30,692 INFO  RunnableExample:18 - Thread-1 = 70
15:34:30,692 INFO  RunnableExample:18 - Thread-1 = 71
15:34:30,692 INFO  RunnableExample:18 - Thread-1 = 72
15:34:30,692 INFO  ThreadExample:18 - Thread-0 = 65
15:34:30,692 INFO  ThreadExample:18 - Thread-0 = 74
15:34:30,692 INFO  ThreadExample:18 - Thread-0 = 75
15:34:30,692 INFO  ThreadExample:18 - Thread-0 = 76
15:34:30,693 INFO  ThreadExample:18 - Thread-0 = 77
15:34:30,692 INFO  RunnableExample:18 - Thread-1 = 73
15:34:30,693 INFO  RunnableExample:18 - Thread-1 = 79
15:34:30,693 INFO  ThreadExample:18 - Thread-0 = 78
15:34:30,693 INFO  RunnableExample:18 - Thread-1 = 80
15:34:30,693 INFO  ThreadExample:18 - Thread-0 = 81
15:34:30,693 INFO  RunnableExample:18 - Thread-1 = 82
15:34:30,693 INFO  ThreadExample:18 - Thread-0 = 83
15:34:30,693 INFO  RunnableExample:18 - Thread-1 = 84
15:34:30,693 INFO  ThreadExample:18 - Thread-0 = 85
15:34:30,694 INFO  RunnableExample:18 - Thread-1 = 86
15:34:30,694 INFO  ThreadExample:18 - Thread-0 = 87
15:34:30,694 INFO  RunnableExample:18 - Thread-1 = 88
15:34:30,694 INFO  RunnableExample:18 - Thread-1 = 90
15:34:30,694 INFO  ThreadExample:18 - Thread-0 = 89
15:34:30,694 INFO  RunnableExample:18 - Thread-1 = 91
15:34:30,694 INFO  ThreadExample:18 - Thread-0 = 92
15:34:30,694 INFO  RunnableExample:18 - Thread-1 = 93
15:34:30,694 INFO  ThreadExample:18 - Thread-0 = 94
15:34:30,694 INFO  RunnableExample:18 - Thread-1 = 95
15:34:30,694 INFO  ThreadExample:18 - Thread-0 = 96
15:34:30,694 INFO  RunnableExample:18 - Thread-1 = 97
15:34:30,694 INFO  ThreadExample:18 - Thread-0 = 98
15:34:30,694 INFO  RunnableExample:18 - Thread-1 = 99
15:34:30,695 INFO  ThreadExample:20 - Thread example finished working...
15:34:30,695 INFO  RunnableExample:20 - Runnable example finished working...
