18:38:42,496 INFO  ThreadExample:21 - Some information...
18:40:06,863 INFO  ThreadExample:21 - Some information...
18:47:13,439 INFO  ThreadExample:16 - Thread example started working...
18:47:13,439 INFO  RunnableExample:16 - Runnable example started working...
18:47:13,448 INFO  RunnableExample:19 - Thread-1 = 1
18:47:13,448 INFO  RunnableExample:19 - Thread-1 = 2
18:47:13,448 INFO  ThreadExample:19 - Thread-0 = 0
18:47:13,448 INFO  RunnableExample:19 - Thread-1 = 3
18:47:13,448 INFO  ThreadExample:19 - Thread-0 = 4
18:47:13,450 INFO  RunnableExample:19 - Thread-1 = 5
18:47:13,450 INFO  ThreadExample:19 - Thread-0 = 6
18:47:13,450 INFO  RunnableExample:19 - Thread-1 = 7
18:47:13,450 INFO  ThreadExample:19 - Thread-0 = 8
18:47:13,450 INFO  RunnableExample:19 - Thread-1 = 9
18:47:13,452 INFO  ThreadExample:19 - Thread-0 = 10
18:47:13,452 INFO  RunnableExample:19 - Thread-1 = 11
18:47:13,452 INFO  ThreadExample:19 - Thread-0 = 12
18:47:13,452 INFO  RunnableExample:19 - Thread-1 = 13
18:47:13,452 INFO  ThreadExample:19 - Thread-0 = 14
18:47:13,453 INFO  RunnableExample:19 - Thread-1 = 15
18:47:13,453 INFO  ThreadExample:19 - Thread-0 = 16
18:47:13,453 INFO  RunnableExample:19 - Thread-1 = 17
18:47:13,453 INFO  ThreadExample:19 - Thread-0 = 18
18:47:13,453 INFO  RunnableExample:19 - Thread-1 = 19
18:47:13,453 INFO  ThreadExample:19 - Thread-0 = 20
18:47:13,453 INFO  ThreadExample:19 - Thread-0 = 22
18:47:13,453 INFO  ThreadExample:19 - Thread-0 = 23
18:47:13,453 INFO  RunnableExample:19 - Thread-1 = 21
18:47:13,454 INFO  ThreadExample:19 - Thread-0 = 24
18:47:13,454 INFO  RunnableExample:19 - Thread-1 = 25
18:47:13,454 INFO  ThreadExample:19 - Thread-0 = 26
18:47:13,454 INFO  RunnableExample:19 - Thread-1 = 27
18:47:13,454 INFO  ThreadExample:19 - Thread-0 = 28
18:47:13,454 INFO  RunnableExample:19 - Thread-1 = 29
18:47:13,454 INFO  ThreadExample:19 - Thread-0 = 30
18:47:13,454 INFO  RunnableExample:19 - Thread-1 = 31
18:47:13,454 INFO  ThreadExample:19 - Thread-0 = 32
18:47:13,454 INFO  RunnableExample:19 - Thread-1 = 33
18:47:13,454 INFO  ThreadExample:19 - Thread-0 = 34
18:47:13,454 INFO  RunnableExample:19 - Thread-1 = 35
18:47:13,455 INFO  ThreadExample:19 - Thread-0 = 36
18:47:13,455 INFO  RunnableExample:19 - Thread-1 = 37
18:47:13,455 INFO  ThreadExample:19 - Thread-0 = 38
18:47:13,455 INFO  RunnableExample:19 - Thread-1 = 39
18:47:13,455 INFO  ThreadExample:19 - Thread-0 = 40
18:47:13,455 INFO  RunnableExample:19 - Thread-1 = 41
18:47:13,455 INFO  RunnableExample:19 - Thread-1 = 43
18:47:13,455 INFO  RunnableExample:19 - Thread-1 = 44
18:47:13,455 INFO  ThreadExample:19 - Thread-0 = 42
18:47:13,455 INFO  RunnableExample:19 - Thread-1 = 45
18:47:13,455 INFO  ThreadExample:19 - Thread-0 = 46
18:47:13,455 INFO  RunnableExample:19 - Thread-1 = 47
18:47:13,456 INFO  RunnableExample:19 - Thread-1 = 49
18:47:13,455 INFO  ThreadExample:19 - Thread-0 = 48
18:47:13,456 INFO  RunnableExample:19 - Thread-1 = 50
18:47:13,456 INFO  ThreadExample:19 - Thread-0 = 51
18:47:13,456 INFO  RunnableExample:19 - Thread-1 = 52
18:47:13,456 INFO  ThreadExample:19 - Thread-0 = 53
18:47:13,456 INFO  RunnableExample:19 - Thread-1 = 54
18:47:13,456 INFO  ThreadExample:19 - Thread-0 = 55
18:47:13,456 INFO  RunnableExample:19 - Thread-1 = 56
18:47:13,456 INFO  ThreadExample:19 - Thread-0 = 57
18:47:13,456 INFO  RunnableExample:19 - Thread-1 = 58
18:47:13,456 INFO  ThreadExample:19 - Thread-0 = 59
18:47:13,457 INFO  RunnableExample:19 - Thread-1 = 60
18:47:13,457 INFO  RunnableExample:19 - Thread-1 = 62
18:47:13,457 INFO  RunnableExample:19 - Thread-1 = 63
18:47:13,457 INFO  RunnableExample:19 - Thread-1 = 64
18:47:13,458 INFO  RunnableExample:19 - Thread-1 = 65
18:47:13,458 INFO  RunnableExample:19 - Thread-1 = 66
18:47:13,457 INFO  ThreadExample:19 - Thread-0 = 61
18:47:13,458 INFO  RunnableExample:19 - Thread-1 = 67
18:47:13,458 INFO  RunnableExample:19 - Thread-1 = 69
18:47:13,458 INFO  RunnableExample:19 - Thread-1 = 70
18:47:13,458 INFO  ThreadExample:19 - Thread-0 = 68
18:47:13,458 INFO  RunnableExample:19 - Thread-1 = 71
18:47:13,458 INFO  ThreadExample:19 - Thread-0 = 72
18:47:13,458 INFO  RunnableExample:19 - Thread-1 = 73
18:47:13,458 INFO  ThreadExample:19 - Thread-0 = 74
18:47:13,458 INFO  RunnableExample:19 - Thread-1 = 75
18:47:13,459 INFO  ThreadExample:19 - Thread-0 = 76
18:47:13,459 INFO  ThreadExample:19 - Thread-0 = 78
18:47:13,459 INFO  RunnableExample:19 - Thread-1 = 77
18:47:13,459 INFO  ThreadExample:19 - Thread-0 = 79
18:47:13,459 INFO  RunnableExample:19 - Thread-1 = 80
18:47:13,459 INFO  ThreadExample:19 - Thread-0 = 81
18:47:13,459 INFO  RunnableExample:19 - Thread-1 = 82
18:47:13,459 INFO  ThreadExample:19 - Thread-0 = 83
18:47:13,459 INFO  RunnableExample:19 - Thread-1 = 84
18:47:13,459 INFO  ThreadExample:19 - Thread-0 = 85
18:47:13,459 INFO  RunnableExample:19 - Thread-1 = 86
18:47:13,459 INFO  ThreadExample:19 - Thread-0 = 87
18:47:13,459 INFO  RunnableExample:19 - Thread-1 = 88
18:47:13,459 INFO  ThreadExample:19 - Thread-0 = 89
18:47:13,460 INFO  RunnableExample:19 - Thread-1 = 90
18:47:13,460 INFO  ThreadExample:19 - Thread-0 = 91
18:47:13,460 INFO  RunnableExample:19 - Thread-1 = 92
18:47:13,460 INFO  ThreadExample:19 - Thread-0 = 93
18:47:13,460 INFO  RunnableExample:19 - Thread-1 = 94
18:47:13,460 INFO  ThreadExample:19 - Thread-0 = 95
18:47:13,460 INFO  RunnableExample:19 - Thread-1 = 96
18:47:13,460 INFO  ThreadExample:19 - Thread-0 = 97
18:47:13,460 INFO  RunnableExample:19 - Thread-1 = 98
18:47:13,460 INFO  ThreadExample:19 - Thread-0 = 99
18:47:13,460 INFO  RunnableExample:21 - Runnable example finished working...
18:47:13,460 INFO  ThreadExample:21 - Thread example finished working...
